Abmachung	N;ACC(PL)	Abmachungen
Abmachung	N;ACC(SG)	Abmachung
Abmachung	N;DAT(PL)	Abmachungen
Abmachung	N;DAT(SG)	Abmachung
Abmachung	N;GEN(PL)	Abmachungen
Abmachung	N;GEN(SG)	Abmachung
Abmachung	N;NOM(PL)	Abmachungen
Abmachung	N;NOM(SG)	Abmachung
Abschaum	N;ACC(SG)	Abschaum
Abschaum	N;DAT(SG)	Abschaum
Abschaum	N;GEN(SG)	Abschaumes
Abschaum	N;NOM(SG)	Abschaum
Abstieg	N;ACC(PL)	Abstiegen
Abstieg	N;ACC(SG)	Abstieg
Abstieg	N;DAT(PL)	Abstiegen
Abstieg	N;DAT(SG)	Abstieg
Abstieg	N;GEN(PL)	Abstiegen
Abstieg	N;GEN(SG)	Abstieg
Abstieg	N;NOM(PL)	Abstiegen
Abstieg	N;NOM(SG)	Abstieg
Ahnung	N;ACC(PL)	Ahnungen
Ahnung	N;ACC(SG)	Ahnung
Ahnung	N;DAT(PL)	Ahnungen
Ahnung	N;DAT(SG)	Ahnung
Ahnung	N;GEN(PL)	Ahnungen
Ahnung	N;GEN(SG)	Ahnung
Ahnung	N;NOM(PL)	Ahnungen
Ahnung	N;NOM(SG)	Ahnung
Alpenbewohner	N;ACC(PL)	Alpenbewohner
Alpenbewohner	N;ACC(SG)	Alpenbewohner
Alpenbewohner	N;DAT(PL)	Alpenbewohnern
Alpenbewohner	N;DAT(SG)	Alpenbewohner
Alpenbewohner	N;GEN(PL)	Alpenbewohner
Alpenbewohner	N;GEN(SG)	Alpenbewohners
Alpenbewohner	N;NOM(PL)	Alpenbewohner
Alpenbewohner	N;NOM(SG)	Alpenbewohner
Assyriologin	N;ACC(PL)	Assyriologinnen
Assyriologin	N;ACC(SG)	Assyriologin
Assyriologin	N;DAT(PL)	Assyriologinnen
Assyriologin	N;DAT(SG)	Assyriologin
Assyriologin	N;GEN(PL)	Assyriologinnen
Assyriologin	N;GEN(SG)	Assyriologin
Assyriologin	N;NOM(PL)	Assyriologinnen
Assyriologin	N;NOM(SG)	Assyriologin
Avantgardekunst	N;ACC(PL)	Avantgardekunsten
Avantgardekunst	N;ACC(SG)	Avantgardekunsten
Avantgardekunst	N;DAT(PL)	Avantgardekunsten
Avantgardekunst	N;DAT(SG)	Avantgardekunsten
Avantgardekunst	N;GEN(PL)	Avantgardekunsten
Avantgardekunst	N;GEN(SG)	Avantgardekunsten
Avantgardekunst	N;NOM(PL)	Avantgardekunste
Avantgardekunst	N;NOM(SG)	Avantgardekunst
Baumralle	N;ACC(PL)	Baumrallen
Baumralle	N;ACC(SG)	Baumralle
Baumralle	N;DAT(PL)	Baumrallen
Baumralle	N;DAT(SG)	Baumralle
Baumralle	N;GEN(PL)	Baumrallen
Baumralle	N;GEN(SG)	Baumralle
Baumralle	N;NOM(PL)	Baumrallen
Baumralle	N;NOM(SG)	Baumralle
Botschafterin	N;ACC(PL)	Botschafterinnen
Botschafterin	N;ACC(SG)	Botschafterin
Botschafterin	N;DAT(PL)	Botschafterinnen
Botschafterin	N;DAT(SG)	Botschafterin
Botschafterin	N;GEN(PL)	Botschafterinnen
Botschafterin	N;GEN(SG)	Botschafterin
Botschafterin	N;NOM(PL)	Botschafterinnen
Botschafterin	N;NOM(SG)	Botschafterin
Brokat	N;ACC(PL)	Brokate
Brokat	N;ACC(SG)	Brokat
Brokat	N;DAT(PL)	Brokaten
Brokat	N;DAT(SG)	Brokat
Brokat	N;GEN(PL)	Brokate
Brokat	N;GEN(SG)	Brokates
Brokat	N;NOM(PL)	Brokate
Brokat	N;NOM(SG)	Brokat
Bundesfinanzminister	N;ACC(PL)	Bundesfinanzminister
Bundesfinanzminister	N;ACC(SG)	Bundesfinanzminister
Bundesfinanzminister	N;DAT(PL)	Bundesfinanzministern
Bundesfinanzminister	N;DAT(SG)	Bundesfinanzminister
Bundesfinanzminister	N;GEN(PL)	Bundesfinanzminister
Bundesfinanzminister	N;GEN(SG)	Bundesfinanzministers
Bundesfinanzminister	N;NOM(PL)	Bundesfinanzminister
Bundesfinanzminister	N;NOM(SG)	Bundesfinanzminister
Dendrit	N;ACC(PL)	Dendriten
Dendrit	N;ACC(SG)	Dendrit
Dendrit	N;DAT(PL)	Dendriten
Dendrit	N;DAT(SG)	Dendrit
Dendrit	N;GEN(PL)	Dendriten
Dendrit	N;GEN(SG)	Dendrit
Dendrit	N;NOM(PL)	Dendriten
Dendrit	N;NOM(SG)	Dendrit
Egge	N;ACC(PL)	Eggen
Egge	N;ACC(SG)	Eggen
Egge	N;DAT(PL)	Eggen
Egge	N;DAT(SG)	Eggen
Egge	N;GEN(PL)	Eggen
Egge	N;GEN(SG)	Eggen
Egge	N;NOM(PL)	Eggen
Egge	N;NOM(SG)	Egge
Eigenbrötlerei	N;ACC(PL)	Eigenbrötlereien
Eigenbrötlerei	N;ACC(SG)	Eigenbrötlerei
Eigenbrötlerei	N;DAT(PL)	Eigenbrötlereien
Eigenbrötlerei	N;DAT(SG)	Eigenbrötlerei
Eigenbrötlerei	N;GEN(PL)	Eigenbrötlereien
Eigenbrötlerei	N;GEN(SG)	Eigenbrötlerei
Eigenbrötlerei	N;NOM(PL)	Eigenbrötlereien
Eigenbrötlerei	N;NOM(SG)	Eigenbrötlerei
Eisenzeit	N;ACC(SG)	Eisenzeit
Eisenzeit	N;DAT(SG)	Eisenzeit
Eisenzeit	N;GEN(SG)	Eisenzeit
Eisenzeit	N;NOM(SG)	Eisenzeit
Eosin	N;ACC(PL)	Eosinnen
Eosin	N;ACC(SG)	Eosin
Eosin	N;DAT(PL)	Eosinnen
Eosin	N;DAT(SG)	Eosin
Eosin	N;GEN(PL)	Eosinnen
Eosin	N;GEN(SG)	Eosin
Eosin	N;NOM(PL)	Eosinnen
Eosin	N;NOM(SG)	Eosin
Epigone	N;ACC(PL)	Epigonen
Epigone	N;ACC(SG)	Epigone
Epigone	N;DAT(PL)	Epigonen
Epigone	N;DAT(SG)	Epigone
Epigone	N;GEN(PL)	Epigonen
Epigone	N;GEN(SG)	Epigones
Epigone	N;NOM(PL)	Epigonen
Epigone	N;NOM(SG)	Epigone
Erschütterung	N;ACC(PL)	Erschütterungen
Erschütterung	N;ACC(SG)	Erschütterung
Erschütterung	N;DAT(PL)	Erschütterungen
Erschütterung	N;DAT(SG)	Erschütterung
Erschütterung	N;GEN(PL)	Erschütterungen
Erschütterung	N;GEN(SG)	Erschütterung
Erschütterung	N;NOM(PL)	Erschütterungen
Erschütterung	N;NOM(SG)	Erschütterung
Evolutionistin	N;ACC(PL)	Evolutionistinnen
Evolutionistin	N;ACC(SG)	Evolutionistin
Evolutionistin	N;DAT(PL)	Evolutionistinnen
Evolutionistin	N;DAT(SG)	Evolutionistin
Evolutionistin	N;GEN(PL)	Evolutionistinnen
Evolutionistin	N;GEN(SG)	Evolutionistin
Evolutionistin	N;NOM(PL)	Evolutionistinnen
Evolutionistin	N;NOM(SG)	Evolutionistin
Fleischwunde	N;ACC(PL)	Fleischwunden
Fleischwunde	N;ACC(SG)	Fleischwunde
Fleischwunde	N;DAT(PL)	Fleischwunden
Fleischwunde	N;DAT(SG)	Fleischwunde
Fleischwunde	N;GEN(PL)	Fleischwunden
Fleischwunde	N;GEN(SG)	Fleischwunde
Fleischwunde	N;NOM(PL)	Fleischwunden
Fleischwunde	N;NOM(SG)	Fleischwunde
Frauenzimmer	N;ACC(PL)	Frauenzimmer
Frauenzimmer	N;ACC(SG)	Frauenzimmer
Frauenzimmer	N;DAT(PL)	Frauenzimmern
Frauenzimmer	N;DAT(SG)	Frauenzimmer
Frauenzimmer	N;GEN(PL)	Frauenzimmer
Frauenzimmer	N;GEN(SG)	Frauenzimmers
Frauenzimmer	N;NOM(PL)	Frauenzimmer
Frauenzimmer	N;NOM(SG)	Frauenzimmer
Fusselbart	N;ACC(PL)	Fusselbarte
Fusselbart	N;ACC(SG)	Fusselbart
Fusselbart	N;DAT(PL)	Fusselbarten
Fusselbart	N;DAT(SG)	Fusselbart
Fusselbart	N;GEN(PL)	Fusselbarte
Fusselbart	N;GEN(SG)	Fusselbartes
Fusselbart	N;NOM(PL)	Fusselbarter
Fusselbart	N;NOM(SG)	Fusselbart
Heliumkern	N;ACC(PL)	Heliumkerne
Heliumkern	N;ACC(SG)	Heliumkern
Heliumkern	N;DAT(PL)	Heliumkernen
Heliumkern	N;DAT(SG)	Heliumkern
Heliumkern	N;GEN(PL)	Heliumkerne
Heliumkern	N;GEN(SG)	Heliumkerns
Heliumkern	N;NOM(PL)	Heliumkerne
Heliumkern	N;NOM(SG)	Heliumkern
Kakerlake	N;ACC(PL)	Kakerlaken
Kakerlake	N;ACC(SG)	Kakerlake
Kakerlake	N;DAT(PL)	Kakerlaken
Kakerlake	N;DAT(SG)	Kakerlake
Kakerlake	N;GEN(PL)	Kakerlaken
Kakerlake	N;GEN(SG)	Kakerlake
Kakerlake	N;NOM(PL)	Kakerlaken
Kakerlake	N;NOM(SG)	Kakerlake
Kardiologe	N;ACC(PL)	Kardiologen
Kardiologe	N;ACC(SG)	Kardiologen
Kardiologe	N;DAT(PL)	Kardiologen
Kardiologe	N;DAT(SG)	Kardiologen
Kardiologe	N;GEN(PL)	Kardiologen
Kardiologe	N;GEN(SG)	Kardiologen
Kardiologe	N;NOM(PL)	Kardiologen
Kardiologe	N;NOM(SG)	Kardiologe
Klatsch	N;ACC(PL)	Klatsche
Klatsch	N;ACC(SG)	Klatsch
Klatsch	N;DAT(PL)	Klatschen
Klatsch	N;DAT(SG)	Klatsch
Klatsch	N;GEN(PL)	Klatsche
Klatsch	N;GEN(SG)	Klatsches
Klatsch	N;NOM(PL)	Klatsche
Klatsch	N;NOM(SG)	Klatsch
Kombinationsfeldchen	N;ACC(PL)	Kombinationsfeldchen
Kombinationsfeldchen	N;ACC(SG)	Kombinationsfeldchen
Kombinationsfeldchen	N;DAT(PL)	Kombinationsfeldchen
Kombinationsfeldchen	N;DAT(SG)	Kombinationsfeldchen
Kombinationsfeldchen	N;GEN(PL)	Kombinationsfeldchen
Kombinationsfeldchen	N;GEN(SG)	Kombinationsfeldchens
Kombinationsfeldchen	N;NOM(PL)	Kombinationsfeldchen
Kombinationsfeldchen	N;NOM(SG)	Kombinationsfeldchen
Macher	N;ACC(PL)	Macher
Macher	N;ACC(SG)	Macher
Macher	N;DAT(PL)	Machern
Macher	N;DAT(SG)	Macher
Macher	N;GEN(PL)	Macher
Macher	N;GEN(SG)	Machers
Macher	N;NOM(PL)	Macher
Macher	N;NOM(SG)	Macher
Möglichkeitsform	N;ACC(PL)	Möglichkeitsforme
Möglichkeitsform	N;ACC(SG)	Möglichkeitsform
Möglichkeitsform	N;DAT(PL)	Möglichkeitsformen
Möglichkeitsform	N;DAT(SG)	Möglichkeitsform
Möglichkeitsform	N;GEN(PL)	Möglichkeitsforme
Möglichkeitsform	N;GEN(SG)	Möglichkeitsforms
Möglichkeitsform	N;NOM(PL)	Möglichkeitsforme
Möglichkeitsform	N;NOM(SG)	Möglichkeitsform
Nachthemd	N;ACC(PL)	Nachthemde
Nachthemd	N;ACC(SG)	Nachthemd
Nachthemd	N;DAT(PL)	Nachthemden
Nachthemd	N;DAT(SG)	Nachthemd
Nachthemd	N;GEN(PL)	Nachthemde
Nachthemd	N;GEN(SG)	Nachthemdes
Nachthemd	N;NOM(PL)	Nachthemde
Nachthemd	N;NOM(SG)	Nachthemd
Nuscheln	N;ACC(SG)	Nuscheln
Nuscheln	N;DAT(SG)	Nuscheln
Nuscheln	N;GEN(SG)	Nuschelns
Nuscheln	N;NOM(SG)	Nuscheln
Orangeat	N;ACC(PL)	Orangeate
Orangeat	N;ACC(SG)	Orangeat
Orangeat	N;DAT(PL)	Orangeaten
Orangeat	N;DAT(SG)	Orangeat
Orangeat	N;GEN(PL)	Orangeate
Orangeat	N;GEN(SG)	Orangeats
Orangeat	N;NOM(PL)	Orangeate
Orangeat	N;NOM(SG)	Orangeat
Organophosphin	N;ACC(PL)	Organophosphinnen
Organophosphin	N;ACC(SG)	Organophosphin
Organophosphin	N;DAT(PL)	Organophosphinnen
Organophosphin	N;DAT(SG)	Organophosphin
Organophosphin	N;GEN(PL)	Organophosphinnen
Organophosphin	N;GEN(SG)	Organophosphin
Organophosphin	N;NOM(PL)	Organophosphinnen
Organophosphin	N;NOM(SG)	Organophosphin
Pomologe	N;ACC(PL)	Pomologen
Pomologe	N;ACC(SG)	Pomologen
Pomologe	N;DAT(PL)	Pomologen
Pomologe	N;DAT(SG)	Pomologen
Pomologe	N;GEN(PL)	Pomologen
Pomologe	N;GEN(SG)	Pomologen
Pomologe	N;NOM(PL)	Pomologen
Pomologe	N;NOM(SG)	Pomologe
Porphyrie	N;ACC(PL)	Porphyrien
Porphyrie	N;ACC(SG)	Porphyrie
Porphyrie	N;DAT(PL)	Porphyrien
Porphyrie	N;DAT(SG)	Porphyrie
Porphyrie	N;GEN(PL)	Porphyrien
Porphyrie	N;GEN(SG)	Porphyrie
Porphyrie	N;NOM(PL)	Porphyrien
Porphyrie	N;NOM(SG)	Porphyrie
Reduktionsmittel	N;ACC(PL)	Reduktionsmittel
Reduktionsmittel	N;ACC(SG)	Reduktionsmittel
Reduktionsmittel	N;DAT(PL)	Reduktionsmittel
Reduktionsmittel	N;DAT(SG)	Reduktionsmittel
Reduktionsmittel	N;GEN(PL)	Reduktionsmittel
Reduktionsmittel	N;GEN(SG)	Reduktionsmittels
Reduktionsmittel	N;NOM(PL)	Reduktionsmittel
Reduktionsmittel	N;NOM(SG)	Reduktionsmittel
Rezitativ	N;ACC(PL)	Rezitativ
Rezitativ	N;ACC(SG)	Rezitativ
Rezitativ	N;DAT(PL)	Rezitativ
Rezitativ	N;DAT(SG)	Rezitativ
Rezitativ	N;GEN(PL)	Rezitativ
Rezitativ	N;GEN(SG)	Rezitativ
Rezitativ	N;NOM(PL)	Rezitativ
Rezitativ	N;NOM(SG)	Rezitativ
Schreibfeder	N;ACC(PL)	Schreibfeder
Schreibfeder	N;ACC(SG)	Schreibfeder
Schreibfeder	N;DAT(PL)	Schreibfedern
Schreibfeder	N;DAT(SG)	Schreibfeder
Schreibfeder	N;GEN(PL)	Schreibfeder
Schreibfeder	N;GEN(SG)	Schreibfeders
Schreibfeder	N;NOM(PL)	Schreibfeder
Schreibfeder	N;NOM(SG)	Schreibfeder
Segel	N;ACC(PL)	Segel
Segel	N;ACC(SG)	Segel
Segel	N;DAT(PL)	Segeln
Segel	N;DAT(SG)	Segel
Segel	N;GEN(PL)	Segel
Segel	N;GEN(SG)	Segels
Segel	N;NOM(PL)	Segel
Segel	N;NOM(SG)	Segel
Snack	N;ACC(PL)	Snacke
Snack	N;ACC(SG)	Snack
Snack	N;DAT(PL)	Snacken
Snack	N;DAT(SG)	Snack
Snack	N;GEN(PL)	Snacke
Snack	N;GEN(SG)	Snackes
Snack	N;NOM(PL)	Snacke
Snack	N;NOM(SG)	Snack
Sonnabendnachmittag	N;ACC(PL)	Sonnabendnachmittage
Sonnabendnachmittag	N;ACC(SG)	Sonnabendnachmittag
Sonnabendnachmittag	N;DAT(PL)	Sonnabendnachmittagen
Sonnabendnachmittag	N;DAT(SG)	Sonnabendnachmittag
Sonnabendnachmittag	N;GEN(PL)	Sonnabendnachmittage
Sonnabendnachmittag	N;GEN(SG)	Sonnabendnachmittags
Sonnabendnachmittag	N;NOM(PL)	Sonnabendnachmittage
Sonnabendnachmittag	N;NOM(SG)	Sonnabendnachmittag
Strand	N;ACC(PL)	Stränder
Strand	N;ACC(SG)	Strand
Strand	N;DAT(PL)	Strändern
Strand	N;DAT(SG)	Strand
Strand	N;GEN(PL)	Stränder
Strand	N;GEN(SG)	Strandes
Strand	N;NOM(PL)	Stränder
Strand	N;NOM(SG)	Strand
Talgdrüse	N;ACC(PL)	Talgdrüsen
Talgdrüse	N;ACC(SG)	Talgdrüse
Talgdrüse	N;DAT(PL)	Talgdrüsen
Talgdrüse	N;DAT(SG)	Talgdrüse
Talgdrüse	N;GEN(PL)	Talgdrüsen
Talgdrüse	N;GEN(SG)	Talgdrüse
Talgdrüse	N;NOM(PL)	Talgdrüsen
Talgdrüse	N;NOM(SG)	Talgdrüse
Wels	N;ACC(PL)	Welse
Wels	N;ACC(SG)	Wels
Wels	N;DAT(PL)	Welsen
Wels	N;DAT(SG)	Wels
Wels	N;GEN(PL)	Welse
Wels	N;GEN(SG)	Welses
Wels	N;NOM(PL)	Welse
Wels	N;NOM(SG)	Wels
Zeitkapsel	N;ACC(PL)	Zeitkapsel
Zeitkapsel	N;ACC(SG)	Zeitkapsel
Zeitkapsel	N;DAT(PL)	Zeitkapseln
Zeitkapsel	N;DAT(SG)	Zeitkapsel
Zeitkapsel	N;GEN(PL)	Zeitkapsel
Zeitkapsel	N;GEN(SG)	Zeitkapsels
Zeitkapsel	N;NOM(PL)	Zeitkapsel
Zeitkapsel	N;NOM(SG)	Zeitkapsel
Zionist	N;ACC(PL)	Zionisten
Zionist	N;ACC(SG)	Zionisten
Zionist	N;DAT(PL)	Zionisten
Zionist	N;DAT(SG)	Zionisten
Zionist	N;GEN(PL)	Zionisten
Zionist	N;GEN(SG)	Zionisten
Zionist	N;NOM(PL)	Zioniste
Zionist	N;NOM(SG)	Zionist
abschließen	V;IMP;NOM(2,PL)	abschließt
abschließen	V;IND;PRS;NOM(1,SG)	abschließe
abschließen	V;IND;PRS;NOM(2,SG)	abschließt
abschließen	V;IND;PRS;NOM(3,PL)	abschließen
abschließen	V;IND;PRS;NOM(3,SG)	abschließt
abschließen	V;IND;PST;NOM(1,PL)	abschlossen
abschließen	V;IND;PST;NOM(2,PL)	abschlosst
abschließen	V;IND;PST;NOM(3,PL)	abschließten
abschließen	V;NFIN	abschließen
abschließen	V;SBJV;PRS;NOM(1,PL)	abschließen
abschließen	V;SBJV;PRS;NOM(2,SG)	abschließest
abschließen	V;SBJV;PRS;NOM(3,SG)	abschließe
anschnallen	V.PTCP;PRS	anschnallend
anschnallen	V;IMP;NOM(2,SG)	anschnall
anschnallen	V;IND;PRS;NOM(1,SG)	anschnalle
anschnallen	V;IND;PRS;NOM(2,PL)	anschnallt
anschnallen	V;IND;PRS;NOM(2,SG)	anschnallst ein
anschnallen	V;IND;PRS;NOM(3,PL)	anschnallen
anschnallen	V;IND;PST;NOM(1,PL)	anschnallten aus
anschnallen	V;SBJV;PRS;NOM(2,PL)	anschnallet
anschnallen	V;SBJV;PRS;NOM(3,PL)	anschnallen
anschnallen	V;SBJV;PRS;NOM(3,SG)	anschnalle
anschnallen	V;SBJV;PST;NOM(2,PL)	anschnalltet
anschnallen	V;SBJV;PST;NOM(2,SG)	anschnielest
aufgeben	V.PTCP;PST	aufgegeben
aufgeben	V;IMP;NOM(2,PL)	aufgebt ab
aufgeben	V;IMP;NOM(2,SG)	aufgib ab
aufgeben	V;IND;PRS;NOM(2,PL)	aufgebt
aufgeben	V;IND;PRS;NOM(3,SG)	auf
aufgeben	V;IND;PST;NOM(2,PL)	auf
aufgeben	V;SBJV;PRS;NOM(2,PL)	aufgebet ab
aufgeben	V;SBJV;PRS;NOM(3,PL)	auf preis
aufgeben	V;SBJV;PST;NOM(1,SG)	aufgäbe ab
aufgeben	V;SBJV;PST;NOM(2,PL)	aufgäbet ab
aufgeben	V;SBJV;PST;NOM(2,SG)	aufgäbest ab
aufgeben	V;SBJV;PST;NOM(3,PL)	aufpreis
ausschließen	V;IMP;NOM(2,SG)	ausschließ
ausschließen	V;IND;PRS;NOM(1,SG)	ausschließe
ausschließen	V;IND;PRS;NOM(2,PL)	ausschließt
ausschließen	V;IND;PRS;NOM(3,PL)	ausschließen
ausschließen	V;IND;PST;NOM(1,PL)	ausschlossen
ausschließen	V;IND;PST;NOM(2,PL)	ausschlosst
ausschließen	V;NFIN	ausschließen
ausschließen	V;SBJV;PRS;NOM(1,SG)	ausschließe
ausschließen	V;SBJV;PST;NOM(1,SG)	ausschließte
ausschließen	V;SBJV;PST;NOM(2,PL)	ausschlösset
ausschließen	V;SBJV;PST;NOM(3,PL)	ausschlössen
ausschließen	V;SBJV;PST;NOM(3,SG)	ausschließte
bekränzen	V;IMP;NOM(2,PL)	bekränzt
bekränzen	V;IND;PRS;NOM(1,PL)	bekränzen
bekränzen	V;IND;PRS;NOM(3,PL)	bekränzen
bekränzen	V;IND;PST;NOM(1,SG)	bekränzte
bekränzen	V;IND;PST;NOM(2,SG)	bekränztest
bekränzen	V;IND;PST;NOM(3,PL)	bekränzten
bekränzen	V;IND;PST;NOM(3,SG)	bekränzte
bekränzen	V;SBJV;PRS;NOM(1,PL)	bekränzen
bekränzen	V;SBJV;PRS;NOM(2,PL)	bekränzet
bekränzen	V;SBJV;PRS;NOM(2,SG)	bekränzest
bekränzen	V;SBJV;PRS;NOM(3,PL)	bekränzen
bekränzen	V;SBJV;PST;NOM(1,PL)	bekränzten
beschottern	V.PTCP;PRS	beschotternd
beschottern	V;IND;PRS;NOM(1,PL)	beschottern
beschottern	V;IND;PRS;NOM(2,PL)	beschottert
beschottern	V;IND;PRS;NOM(2,SG)	beschotterst
beschottern	V;IND;PRS;NOM(3,SG)	beschottert
beschottern	V;IND;PST;NOM(3,PL)	beschotterten
beschottern	V;NFIN	beschottern
beschottern	V;SBJV;PRS;NOM(1,PL)	beschottern auf
beschottern	V;SBJV;PRS;NOM(3,PL)	beschottern
beschottern	V;SBJV;PST;NOM(1,SG)	beschotterte
beschottern	V;SBJV;PST;NOM(2,SG)	beschottertest
beschottern	V;SBJV;PST;NOM(3,PL)	beschotterten
beschäftigen	V;IMP;NOM(2,PL)	beschäftigt
beschäftigen	V;IND;PRS;NOM(2,SG)	beschäftigst
beschäftigen	V;IND;PRS;NOM(3,SG)	beschäftigt
beschäftigen	V;IND;PST;NOM(1,PL)	beschäftigten
beschäftigen	V;IND;PST;NOM(1,SG)	beschäftigte
beschäftigen	V;IND;PST;NOM(2,SG)	beschäftigtest
beschäftigen	V;NFIN	beschäftigen
beschäftigen	V;SBJV;PRS;NOM(1,PL)	beschäftigen
beschäftigen	V;SBJV;PRS;NOM(2,PL)	beschäftiget
beschäftigen	V;SBJV;PRS;NOM(3,SG)	beschäftige
beschäftigen	V;SBJV;PST;NOM(3,PL)	beschäftigten
beschäftigen	V;SBJV;PST;NOM(3,SG)	beschäftigte
betätigen	V.PTCP;PST	betätigt
betätigen	V;IMP;NOM(2,PL)	betätigt
betätigen	V;IMP;NOM(2,SG)	betätig
betätigen	V;IND;PRS;NOM(1,PL)	betätigen
betätigen	V;IND;PRS;NOM(2,PL)	betätigt
betätigen	V;IND;PRS;NOM(2,SG)	betätigst
betätigen	V;IND;PST;NOM(1,PL)	betätigten
betätigen	V;IND;PST;NOM(3,PL)	betätigten
betätigen	V;IND;PST;NOM(3,SG)	betätigte
betätigen	V;SBJV;PRS;NOM(1,PL)	betätigen
betätigen	V;SBJV;PRS;NOM(2,PL)	betätiget
betätigen	V;SBJV;PST;NOM(1,PL)	betätigten
bugsieren	V;IMP;NOM(2,PL)	bugsiert
bugsieren	V;IND;PRS;NOM(1,SG)	bugsiere
bugsieren	V;IND;PRS;NOM(2,SG)	bugsierst
bugsieren	V;IND;PST;NOM(1,PL)	bugsierten
bugsieren	V;IND;PST;NOM(2,SG)	bugsiertest
bugsieren	V;IND;PST;NOM(3,SG)	bugsierte
bugsieren	V;NFIN	bugsieren
bugsieren	V;SBJV;PRS;NOM(2,PL)	bugsieret
bugsieren	V;SBJV;PRS;NOM(2,SG)	bugsierest
bugsieren	V;SBJV;PRS;NOM(3,SG)	bugsiere
bugsieren	V;SBJV;PST;NOM(1,PL)	bugsierten
bugsieren	V;SBJV;PST;NOM(3,PL)	bugsierten
chiffrieren	V.PTCP;PRS	chiffrierend
chiffrieren	V;IND;PRS;NOM(2,PL)	chiffriert
chiffrieren	V;IND;PRS;NOM(3,PL)	chiffrieren
chiffrieren	V;IND;PST;NOM(1,PL)	chiffrierten
chiffrieren	V;IND;PST;NOM(1,SG)	chiffrierte
chiffrieren	V;IND;PST;NOM(2,PL)	chiffriertet
chiffrieren	V;NFIN	chiffrieren
chiffrieren	V;SBJV;PRS;NOM(1,PL)	chiffrieren
chiffrieren	V;SBJV;PRS;NOM(2,PL)	chiffrieret
chiffrieren	V;SBJV;PRS;NOM(3,PL)	chiffrieren
chiffrieren	V;SBJV;PRS;NOM(3,SG)	chiffriere
chiffrieren	V;SBJV;PST;NOM(3,PL)	chiffrierten
dechiffrieren	V.PTCP;PST	dechiffriert
dechiffrieren	V;IMP;NOM(2,PL)	dechiffriert
dechiffrieren	V;IND;PST;NOM(1,SG)	dechiffrierte
dechiffrieren	V;IND;PST;NOM(2,PL)	dechiffriertet
dechiffrieren	V;IND;PST;NOM(2,SG)	dechiffriertest
dechiffrieren	V;NFIN	dechiffrieren
dechiffrieren	V;SBJV;PRS;NOM(1,SG)	dechiffriere
dechiffrieren	V;SBJV;PRS;NOM(3,PL)	dechiffrieren
dechiffrieren	V;SBJV;PRS;NOM(3,SG)	dechiffriere
dechiffrieren	V;SBJV;PST;NOM(1,SG)	dechiffrierte
dechiffrieren	V;SBJV;PST;NOM(2,PL)	dechiffriertet
dechiffrieren	V;SBJV;PST;NOM(3,PL)	dechiffrierten
desertieren	V.PTCP;PRS	desertierend
desertieren	V;IMP;NOM(2,SG)	desertier
desertieren	V;IND;PRS;NOM(2,PL)	desertiert
desertieren	V;IND;PRS;NOM(2,SG)	desertierst
desertieren	V;IND;PRS;NOM(3,PL)	desertieren
desertieren	V;IND;PRS;NOM(3,SG)	desertiert
desertieren	V;IND;PST;NOM(1,PL)	desertierten
desertieren	V;NFIN	desertieren
desertieren	V;SBJV;PRS;NOM(1,PL)	desertieren
desertieren	V;SBJV;PRS;NOM(3,PL)	desertieren
desertieren	V;SBJV;PRS;NOM(3,SG)	desertiere
desertieren	V;SBJV;PST;NOM(1,PL)	desertierten
destabilisieren	V.PTCP;PST	destabilisiert
destabilisieren	V;IMP;NOM(2,PL)	destabilisiert
destabilisieren	V;IMP;NOM(2,SG)	destabilisier
destabilisieren	V;IND;PRS;NOM(2,SG)	destabilisierst
destabilisieren	V;SBJV;PRS;NOM(1,SG)	destabilisiere
destabilisieren	V;SBJV;PRS;NOM(2,SG)	destabilisierest
destabilisieren	V;SBJV;PRS;NOM(3,PL)	destabilisieren
destabilisieren	V;SBJV;PRS;NOM(3,SG)	destabilisiere
destabilisieren	V;SBJV;PST;NOM(1,PL)	destabilisierten
destabilisieren	V;SBJV;PST;NOM(1,SG)	destabilisierte
destabilisieren	V;SBJV;PST;NOM(2,PL)	destabilisiertet
destabilisieren	V;SBJV;PST;NOM(3,SG)	destabilisierte
einigen	V.PTCP;PRS	einigend
einigen	V.PTCP;PST	einigt
einigen	V;IND;PRS;NOM(1,SG)	einige
einigen	V;IND;PRS;NOM(2,PL)	einigt
einigen	V;IND;PRS;NOM(2,SG)	einigst
einigen	V;IND;PRS;NOM(3,SG)	einigt
einigen	V;SBJV;PRS;NOM(2,PL)	einiget
einigen	V;SBJV;PRS;NOM(2,SG)	einigest
einigen	V;SBJV;PRS;NOM(3,PL)	einigen
einigen	V;SBJV;PRS;NOM(3,SG)	einige
einigen	V;SBJV;PST;NOM(2,PL)	einigtet
einigen	V;SBJV;PST;NOM(3,PL)	einigten
ejakulieren	V.PTCP;PST	ejakuliert
ejakulieren	V;IND;PRS;NOM(1,PL)	ejakulieren
ejakulieren	V;IND;PRS;NOM(3,PL)	ejakulieren
ejakulieren	V;IND;PST;NOM(1,PL)	ejakulierten
ejakulieren	V;IND;PST;NOM(3,SG)	ejakulierte
ejakulieren	V;NFIN	ejakulieren
ejakulieren	V;SBJV;PRS;NOM(1,SG)	ejakuliere
ejakulieren	V;SBJV;PRS;NOM(2,SG)	ejakulierest
ejakulieren	V;SBJV;PRS;NOM(3,PL)	ejakulieren
ejakulieren	V;SBJV;PST;NOM(1,PL)	ejakulierten
ejakulieren	V;SBJV;PST;NOM(1,SG)	ejakulierte
ejakulieren	V;SBJV;PST;NOM(2,SG)	ejakuliertest
empfangen	V.PTCP;PRS	empfangend
empfangen	V.PTCP;PST	empfangt
empfangen	V;IMP;NOM(2,PL)	empfangt
empfangen	V;IND;PRS;NOM(1,PL)	empfangen
empfangen	V;IND;PST;NOM(2,PL)	empfangtet
empfangen	V;IND;PST;NOM(2,SG)	empfangtest
empfangen	V;SBJV;PRS;NOM(1,SG)	empfange
empfangen	V;SBJV;PRS;NOM(2,PL)	empfanget
empfangen	V;SBJV;PRS;NOM(2,SG)	empfangest
empfangen	V;SBJV;PRS;NOM(3,PL)	empfangen
empfangen	V;SBJV;PST;NOM(1,SG)	empfangte
empfangen	V;SBJV;PST;NOM(2,PL)	empfangtet
entschlafen	V.PTCP;PRS	entschlafend
entschlafen	V.PTCP;PST	entschlaft
entschlafen	V;IND;PRS;NOM(3,PL)	entschlafen
entschlafen	V;IND;PRS;NOM(3,SG)	entschlaft
entschlafen	V;IND;PST;NOM(3,PL)	entschlaften
entschlafen	V;IND;PST;NOM(3,SG)	entschlafte
entschlafen	V;NFIN	entschlafen
entschlafen	V;SBJV;PRS;NOM(1,SG)	entschlafe
entschlafen	V;SBJV;PRS;NOM(2,PL)	entschlafet
entschlafen	V;SBJV;PRS;NOM(3,PL)	entschlafen
entschlafen	V;SBJV;PST;NOM(2,SG)	entschlaftest
entschlafen	V;SBJV;PST;NOM(3,PL)	entschlaften
erleben	V;IND;PRS;NOM(1,PL)	erleben ab
erleben	V;IND;PRS;NOM(3,PL)	erlpreis
erleben	V;IND;PRS;NOM(3,SG)	erlebt
erleben	V;IND;PST;NOM(2,SG)	erl preis
erleben	V;SBJV;PRS;NOM(1,SG)	erlebe ab
erleben	V;SBJV;PRS;NOM(2,PL)	erlebet ab
erleben	V;SBJV;PRS;NOM(2,SG)	erlebest
erleben	V;SBJV;PRS;NOM(3,SG)	erlebe ab
erleben	V;SBJV;PST;NOM(2,PL)	erläbet ab
erleben	V;SBJV;PST;NOM(2,SG)	erläbest ab
erleben	V;SBJV;PST;NOM(3,PL)	erlreis
erleben	V;SBJV;PST;NOM(3,SG)	erläbe ab
erleichtern	V.PTCP;PST	erleichtert
erleichtern	V;IMP;NOM(2,SG)	erleichtre
erleichtern	V;IND;PRS;NOM(2,PL)	erleichtert
erleichtern	V;IND;PRS;NOM(3,PL)	erleichtern
erleichtern	V;IND;PST;NOM(1,PL)	erleichterten
erleichtern	V;IND;PST;NOM(1,SG)	erleichterte
erleichtern	V;IND;PST;NOM(2,PL)	erleichtertet
erleichtern	V;SBJV;PRS;NOM(1,PL)	erleichtern auf
erleichtern	V;SBJV;PRS;NOM(1,SG)	erleichtere
erleichtern	V;SBJV;PRS;NOM(3,SG)	erleichtere
erleichtern	V;SBJV;PST;NOM(2,SG)	erleichtertest
erleichtern	V;SBJV;PST;NOM(3,SG)	erleichterte
ernähren	V.PTCP;PRS	ernährend
ernähren	V;IND;PRS;NOM(2,PL)	ernährt
ernähren	V;IND;PRS;NOM(2,SG)	ernährst
ernähren	V;IND;PST;NOM(1,SG)	ernährte
ernähren	V;IND;PST;NOM(2,PL)	ernährtet
ernähren	V;IND;PST;NOM(2,SG)	ernährtest
ernähren	V;IND;PST;NOM(3,PL)	ernährten
ernähren	V;IND;PST;NOM(3,SG)	ernährte
ernähren	V;SBJV;PRS;NOM(1,PL)	ernähren
ernähren	V;SBJV;PRS;NOM(1,SG)	ernähre
ernähren	V;SBJV;PST;NOM(1,SG)	ernährte
ernähren	V;SBJV;PST;NOM(3,PL)	ernährten
erstaunen	V.PTCP;PST	erstaunt
erstaunen	V;IMP;NOM(2,SG)	erstaun
erstaunen	V;IND;PRS;NOM(1,SG)	erstaune
erstaunen	V;IND;PST;NOM(2,PL)	erstauntet
erstaunen	V;IND;PST;NOM(3,SG)	erstaunte
erstaunen	V;SBJV;PRS;NOM(1,PL)	erstaunen
erstaunen	V;SBJV;PRS;NOM(2,PL)	erstaunet
erstaunen	V;SBJV;PRS;NOM(2,SG)	erstaunest
erstaunen	V;SBJV;PRS;NOM(3,PL)	erstaunen
erstaunen	V;SBJV;PRS;NOM(3,SG)	erstaune
erstaunen	V;SBJV;PST;NOM(2,SG)	erstauntest
erstaunen	V;SBJV;PST;NOM(3,SG)	erstaunte
eskalieren	V;IMP;NOM(2,SG)	eskalier
eskalieren	V;IND;PRS;NOM(1,PL)	eskalieren
eskalieren	V;IND;PRS;NOM(1,SG)	eskaliere
eskalieren	V;IND;PRS;NOM(3,PL)	eskalieren
eskalieren	V;IND;PST;NOM(1,PL)	eskalierten
eskalieren	V;IND;PST;NOM(1,SG)	eskalierte
eskalieren	V;IND;PST;NOM(2,SG)	eskaliertest
eskalieren	V;SBJV;PRS;NOM(1,PL)	eskalieren
eskalieren	V;SBJV;PRS;NOM(3,PL)	eskalieren
eskalieren	V;SBJV;PST;NOM(1,SG)	eskalierte
eskalieren	V;SBJV;PST;NOM(2,SG)	eskaliertest
eskalieren	V;SBJV;PST;NOM(3,PL)	eskalierten
füttern	V;IND;PRS;NOM(1,PL)	füttern
füttern	V;IND;PRS;NOM(2,PL)	füttert
füttern	V;IND;PRS;NOM(3,PL)	füttern
füttern	V;IND;PST;NOM(2,SG)	füttertest
füttern	V;IND;PST;NOM(3,PL)	fütterten
füttern	V;IND;PST;NOM(3,SG)	fütterte
füttern	V;NFIN	füttern
füttern	V;SBJV;PRS;NOM(2,PL)	fütteret
füttern	V;SBJV;PRS;NOM(3,PL)	füttern
füttern	V;SBJV;PRS;NOM(3,SG)	füttere
füttern	V;SBJV;PST;NOM(3,PL)	fütterten
füttern	V;SBJV;PST;NOM(3,SG)	fütterte
gerinnen	V.PTCP;PRS	gerinnend
gerinnen	V.PTCP;PST	gerinnt
gerinnen	V;IND;PST;NOM(1,PL)	gerinnten
gerinnen	V;IND;PST;NOM(1,SG)	gerinnte
gerinnen	V;IND;PST;NOM(3,SG)	gerinnte
gerinnen	V;SBJV;PRS;NOM(1,SG)	gerinne
gerinnen	V;SBJV;PRS;NOM(2,SG)	gerinnest
gerinnen	V;SBJV;PRS;NOM(3,SG)	gerinne
gerinnen	V;SBJV;PST;NOM(1,SG)	gerinnte
gerinnen	V;SBJV;PST;NOM(2,SG)	gerinntest
gerinnen	V;SBJV;PST;NOM(3,PL)	gerinnten
gerinnen	V;SBJV;PST;NOM(3,SG)	gerinnte
hinweisen	V.PTCP;PST	hinweis
hinweisen	V;IMP;NOM(2,SG)	hinweis
hinweisen	V;IND;PRS;NOM(2,PL)	hinweist
hinweisen	V;IND;PRS;NOM(3,PL)	hinweisen
hinweisen	V;IND;PST;NOM(1,PL)	hinweisten
hinweisen	V;IND;PST;NOM(1,SG)	hinwies
hinweisen	V;IND;PST;NOM(2,SG)	hinweistest
hinweisen	V;IND;PST;NOM(3,SG)	hinweiste
hinweisen	V;SBJV;PRS;NOM(1,SG)	hinweise
hinweisen	V;SBJV;PRS;NOM(3,SG)	hinweise
hinweisen	V;SBJV;PST;NOM(1,PL)	hinweisten
hinweisen	V;SBJV;PST;NOM(3,PL)	hinwiesen
horten	V.PTCP;PST	hortet
horten	V;IND;PRS;NOM(1,SG)	horte
horten	V;IND;PRS;NOM(2,PL)	hortet
horten	V;IND;PRS;NOM(2,SG)	hortest
horten	V;IND;PRS;NOM(3,PL)	horten
horten	V;IND;PST;NOM(2,PL)	hortetet
horten	V;IND;PST;NOM(3,PL)	horteten
horten	V;SBJV;PRS;NOM(2,PL)	hortet
horten	V;SBJV;PRS;NOM(2,SG)	hortest
horten	V;SBJV;PST;NOM(1,PL)	horteten
horten	V;SBJV;PST;NOM(2,PL)	hortetet
horten	V;SBJV;PST;NOM(2,SG)	hortetest
initiieren	V.PTCP;PRS	initiierend
initiieren	V.PTCP;PST	initiiert
initiieren	V;IMP;NOM(2,PL)	initiiert
initiieren	V;IMP;NOM(2,SG)	initiier
initiieren	V;IND;PRS;NOM(1,SG)	initiiere
initiieren	V;IND;PRS;NOM(2,PL)	initiiert
initiieren	V;IND;PRS;NOM(2,SG)	initiierst
initiieren	V;IND;PRS;NOM(3,SG)	initiiert
initiieren	V;IND;PST;NOM(1,PL)	initiierten
initiieren	V;IND;PST;NOM(2,SG)	initiiertest
initiieren	V;IND;PST;NOM(3,PL)	initiierten
initiieren	V;SBJV;PST;NOM(1,PL)	initiierten
interpolieren	V.PTCP;PST	interpoliert
interpolieren	V;IND;PRS;NOM(1,PL)	interpolieren
interpolieren	V;IND;PRS;NOM(2,PL)	interpoliert
interpolieren	V;IND;PRS;NOM(2,SG)	interpolierst
interpolieren	V;IND;PST;NOM(1,PL)	interpolierten
interpolieren	V;IND;PST;NOM(2,SG)	interpoliertest
interpolieren	V;SBJV;PRS;NOM(1,PL)	interpolieren
interpolieren	V;SBJV;PRS;NOM(1,SG)	interpoliere
interpolieren	V;SBJV;PRS;NOM(2,SG)	interpolierest
interpolieren	V;SBJV;PST;NOM(2,PL)	interpoliertet
interpolieren	V;SBJV;PST;NOM(2,SG)	interpoliertest
interpolieren	V;SBJV;PST;NOM(3,PL)	interpolierten
kränken	V.PTCP;PRS	kränkend
kränken	V;IMP;NOM(2,SG)	kränk
kränken	V;IND;PRS;NOM(1,SG)	kränke
kränken	V;IND;PRS;NOM(2,SG)	kränkst
kränken	V;IND;PRS;NOM(3,PL)	kränken
kränken	V;IND;PST;NOM(1,PL)	kränkten
kränken	V;IND;PST;NOM(1,SG)	kränkte
kränken	V;NFIN	kränken
kränken	V;SBJV;PRS;NOM(2,PL)	kränket
kränken	V;SBJV;PST;NOM(1,PL)	kränkten
kränken	V;SBJV;PST;NOM(1,SG)	kränkte
kränken	V;SBJV;PST;NOM(2,SG)	kränktest
lavieren	V.PTCP;PRS	lavierend
lavieren	V.PTCP;PST	laviert
lavieren	V;IND;PRS;NOM(1,SG)	laviere
lavieren	V;IND;PRS;NOM(3,SG)	laviert
lavieren	V;IND;PST;NOM(1,PL)	lavierten
lavieren	V;IND;PST;NOM(2,SG)	laviertest
lavieren	V;IND;PST;NOM(3,PL)	lavierten
lavieren	V;SBJV;PRS;NOM(1,PL)	lavieren
lavieren	V;SBJV;PRS;NOM(1,SG)	laviere
lavieren	V;SBJV;PRS;NOM(3,PL)	lavieren
lavieren	V;SBJV;PST;NOM(3,PL)	lavierten
lavieren	V;SBJV;PST;NOM(3,SG)	lavierte
leuchten	V.PTCP;PRS	leuchtend
leuchten	V.PTCP;PST	leuchtet
leuchten	V;IMP;NOM(2,PL)	leuchtet
leuchten	V;IND;PRS;NOM(2,PL)	leuchtet
leuchten	V;IND;PRS;NOM(2,SG)	leuchtest
leuchten	V;IND;PRS;NOM(3,SG)	leuchtet
leuchten	V;IND;PST;NOM(1,SG)	leuchtete
leuchten	V;IND;PST;NOM(2,SG)	leuchtetest
leuchten	V;IND;PST;NOM(3,SG)	leuchtete
leuchten	V;SBJV;PRS;NOM(1,PL)	leuchten
leuchten	V;SBJV;PRS;NOM(3,PL)	leuchten
leuchten	V;SBJV;PST;NOM(3,SG)	leuchtete
mampfen	V;IMP;NOM(2,PL)	mampft
mampfen	V;IND;PRS;NOM(1,PL)	mampfen
mampfen	V;IND;PRS;NOM(1,SG)	mampfe
mampfen	V;IND;PRS;NOM(2,PL)	mampft
mampfen	V;IND;PRS;NOM(2,SG)	mampfst
mampfen	V;IND;PRS;NOM(3,PL)	mampfen
mampfen	V;IND;PST;NOM(1,PL)	mampften
mampfen	V;IND;PST;NOM(2,SG)	mampftest
mampfen	V;IND;PST;NOM(3,SG)	mampfte
mampfen	V;SBJV;PRS;NOM(3,PL)	mampfen
mampfen	V;SBJV;PST;NOM(1,PL)	mampften
mampfen	V;SBJV;PST;NOM(2,SG)	mampftest
mitbringen	V;IMP;NOM(2,SG)	mitbring
mitbringen	V;IND;PRS;NOM(1,PL)	mitbringen
mitbringen	V;IND;PRS;NOM(2,PL)	mitbringt
mitbringen	V;IND;PRS;NOM(3,SG)	mitbringt
mitbringen	V;IND;PST;NOM(3,SG)	mitbringte
mitbringen	V;NFIN	mitbringen
mitbringen	V;SBJV;PRS;NOM(1,PL)	mitbringen
mitbringen	V;SBJV;PRS;NOM(3,SG)	mitbringe
mitbringen	V;SBJV;PST;NOM(1,PL)	mitbringten
mitbringen	V;SBJV;PST;NOM(1,SG)	mitbringte
mitbringen	V;SBJV;PST;NOM(2,SG)	mitbringtest
mitbringen	V;SBJV;PST;NOM(3,PL)	mitbringten
mißverstehen	V;IMP;NOM(2,SG)	mißversteh an
mißverstehen	V;IND;PRS;NOM(1,PL)	mißverstehen an
mißverstehen	V;IND;PRS;NOM(1,SG)	mißverstehe an
mißverstehen	V;IND;PRS;NOM(2,PL)	mißversteht ein
mißverstehen	V;IND;PRS;NOM(2,SG)	mißverstehst
mißverstehen	V;IND;PRS;NOM(3,PL)	mißverstehen an
mißverstehen	V;IND;PRS;NOM(3,SG)	mißversteht
mißverstehen	V;IND;PST;NOM(2,SG)	mißverstst ein
mißverstehen	V;IND;PST;NOM(3,SG)	mißverstehte
mißverstehen	V;SBJV;PRS;NOM(2,PL)	mißverstehet an
mißverstehen	V;SBJV;PRS;NOM(3,SG)	mißverstehe an
mißverstehen	V;SBJV;PST;NOM(3,SG)	mißverstge ein
nachgeben	V;IMP;NOM(2,SG)	nachgib ab
nachgeben	V;IND;PRS;NOM(1,PL)	nachgeben ab
nachgeben	V;IND;PRS;NOM(1,SG)	nachgebe
nachgeben	V;IND;PRS;NOM(2,SG)	nacht preis
nachgeben	V;IND;PRS;NOM(3,PL)	nach preis
nachgeben	V;IND;PRS;NOM(3,SG)	nach
nachgeben	V;IND;PST;NOM(2,PL)	nach
nachgeben	V;IND;PST;NOM(2,SG)	nacht preis
nachgeben	V;NFIN	nachgeben
nachgeben	V;SBJV;PRS;NOM(3,PL)	nach preis
nachgeben	V;SBJV;PST;NOM(1,SG)	nachgäbe ab
nachgeben	V;SBJV;PST;NOM(3,SG)	nachgäbe ab
orientieren	V;IMP;NOM(2,PL)	orientiert
orientieren	V;IMP;NOM(2,SG)	orientier
orientieren	V;IND;PRS;NOM(1,PL)	orientieren
orientieren	V;IND;PRS;NOM(2,PL)	orientiert
orientieren	V;IND;PST;NOM(2,SG)	orientiertest
orientieren	V;IND;PST;NOM(3,SG)	orientierte
orientieren	V;SBJV;PRS;NOM(1,PL)	orientieren
orientieren	V;SBJV;PRS;NOM(1,SG)	orientiere
orientieren	V;SBJV;PST;NOM(1,SG)	orientierte
orientieren	V;SBJV;PST;NOM(2,SG)	orientiertest
orientieren	V;SBJV;PST;NOM(3,PL)	orientierten
orientieren	V;SBJV;PST;NOM(3,SG)	orientierte
panaschieren	V;IMP;NOM(2,SG)	panaschier
panaschieren	V;IND;PRS;NOM(3,SG)	panaschiert
panaschieren	V;IND;PST;NOM(1,PL)	panaschierten
panaschieren	V;IND;PST;NOM(2,PL)	panaschiertet
panaschieren	V;NFIN	panaschieren
panaschieren	V;SBJV;PRS;NOM(1,PL)	panaschieren
panaschieren	V;SBJV;PRS;NOM(2,SG)	panaschierest
panaschieren	V;SBJV;PRS;NOM(3,PL)	panaschieren
panaschieren	V;SBJV;PRS;NOM(3,SG)	panaschiere
panaschieren	V;SBJV;PST;NOM(1,SG)	panaschierte
panaschieren	V;SBJV;PST;NOM(2,SG)	panaschiertest
panaschieren	V;SBJV;PST;NOM(3,SG)	panaschierte
reden	V;IND;PRS;NOM(1,SG)	rede
reden	V;IND;PRS;NOM(2,PL)	redet
reden	V;IND;PST;NOM(3,PL)	redeten
reden	V;IND;PST;NOM(3,SG)	redete
reden	V;NFIN	reden
reden	V;SBJV;PRS;NOM(1,PL)	reden
reden	V;SBJV;PRS;NOM(1,SG)	rede
reden	V;SBJV;PRS;NOM(3,PL)	reden
reden	V;SBJV;PRS;NOM(3,SG)	rede
reden	V;SBJV;PST;NOM(1,SG)	redete
reden	V;SBJV;PST;NOM(2,PL)	redetet
reden	V;SBJV;PST;NOM(2,SG)	redetest
regen	V;IND;PRS;NOM(1,PL)	regen bei
regen	V;IND;PRS;NOM(1,SG)	rege
regen	V;IND;PRS;NOM(2,PL)	regt an
regen	V;IND;PRS;NOM(2,SG)	rt bei
regen	V;IND;PST;NOM(1,PL)	regten an
regen	V;IND;PST;NOM(2,PL)	regtet an
regen	V;IND;PST;NOM(3,PL)	regten an
regen	V;SBJV;PRS;NOM(1,SG)	re fest
regen	V;SBJV;PRS;NOM(2,SG)	rfest
regen	V;SBJV;PRS;NOM(3,PL)	regen an
regen	V;SBJV;PST;NOM(2,PL)	ret fest
regen	V;SBJV;PST;NOM(3,SG)	regte an
renovieren	V;IMP;NOM(2,SG)	renovier
renovieren	V;IND;PRS;NOM(2,PL)	renoviert
renovieren	V;IND;PRS;NOM(2,SG)	renovierst
renovieren	V;IND;PRS;NOM(3,SG)	renoviert
renovieren	V;IND;PST;NOM(1,PL)	renovierten
renovieren	V;IND;PST;NOM(1,SG)	renovierte
renovieren	V;IND;PST;NOM(2,PL)	renoviertet
renovieren	V;IND;PST;NOM(3,PL)	renovierten
renovieren	V;SBJV;PRS;NOM(1,PL)	renovieren
renovieren	V;SBJV;PST;NOM(2,PL)	renoviertet
renovieren	V;SBJV;PST;NOM(2,SG)	renoviertest
renovieren	V;SBJV;PST;NOM(3,SG)	renovierte
rivalisieren	V.PTCP;PST	rivalisiert
rivalisieren	V;IMP;NOM(2,PL)	rivalisiert
rivalisieren	V;IMP;NOM(2,SG)	rivalisier
rivalisieren	V;IND;PRS;NOM(2,SG)	rivalisierst
rivalisieren	V;IND;PST;NOM(2,SG)	rivalisiertest
rivalisieren	V;IND;PST;NOM(3,SG)	rivalisierte
rivalisieren	V;SBJV;PRS;NOM(2,PL)	rivalisieret
rivalisieren	V;SBJV;PRS;NOM(3,SG)	rivalisiere
rivalisieren	V;SBJV;PST;NOM(1,PL)	rivalisierten
rivalisieren	V;SBJV;PST;NOM(1,SG)	rivalisierte
rivalisieren	V;SBJV;PST;NOM(3,PL)	rivalisierten
rivalisieren	V;SBJV;PST;NOM(3,SG)	rivalisierte
rätseln	V.PTCP;PRS	rätselnd
rätseln	V.PTCP;PST	rätselt
rätseln	V;IMP;NOM(2,PL)	rätselt
rätseln	V;IMP;NOM(2,SG)	rätsle
rätseln	V;IND;PRS;NOM(1,SG)	rätsle
rätseln	V;IND;PRS;NOM(2,PL)	rätselt
rätseln	V;IND;PRS;NOM(3,PL)	rätseln
rätseln	V;IND;PST;NOM(1,PL)	rätselten
rätseln	V;NFIN	rätseln
rätseln	V;SBJV;PRS;NOM(2,PL)	rätselet
rätseln	V;SBJV;PRS;NOM(3,SG)	rätsele
rätseln	V;SBJV;PST;NOM(2,PL)	rätseltet
spezifizieren	V;IMP;NOM(2,PL)	spezifiziert
spezifizieren	V;IMP;NOM(2,SG)	spezifizier
spezifizieren	V;IND;PRS;NOM(2,SG)	spezifizierst
spezifizieren	V;IND;PRS;NOM(3,SG)	spezifiziert
spezifizieren	V;IND;PST;NOM(1,PL)	spezifizierten
spezifizieren	V;IND;PST;NOM(3,PL)	spezifizierten
spezifizieren	V;SBJV;PRS;NOM(1,PL)	spezifizieren
spezifizieren	V;SBJV;PRS;NOM(1,SG)	spezifiziere
spezifizieren	V;SBJV;PRS;NOM(2,PL)	spezifizieret
spezifizieren	V;SBJV;PST;NOM(1,PL)	spezifizierten
spezifizieren	V;SBJV;PST;NOM(2,SG)	spezifiziertest
spezifizieren	V;SBJV;PST;NOM(3,SG)	spezifizierte
unterdrücken	V.PTCP;PRS	unterdrückend
unterdrücken	V.PTCP;PST	unterdrückt
unterdrücken	V;IND;PRS;NOM(2,SG)	unterdrückst
unterdrücken	V;IND;PRS;NOM(3,PL)	unterdrücken
unterdrücken	V;IND;PRS;NOM(3,SG)	unterdrückt
unterdrücken	V;IND;PST;NOM(1,SG)	unterdrückte
unterdrücken	V;IND;PST;NOM(2,PL)	unterdrücktet
unterdrücken	V;IND;PST;NOM(2,SG)	unterdrücktest
unterdrücken	V;IND;PST;NOM(3,SG)	unterdrückte
unterdrücken	V;SBJV;PRS;NOM(1,PL)	unterdrücken ab
unterdrücken	V;SBJV;PRS;NOM(3,SG)	unterdrücke
unterdrücken	V;SBJV;PST;NOM(2,SG)	unterdrücktest
verdanken	V.PTCP;PST	verdaucht
verdanken	V;IND;PRS;NOM(1,SG)	verdanke
verdanken	V;IND;PRS;NOM(2,SG)	verdankst
verdanken	V;IND;PRS;NOM(3,SG)	verdankt
verdanken	V;IND;PST;NOM(1,SG)	verdankte
verdanken	V;IND;PST;NOM(2,PL)	verdauchtet
verdanken	V;IND;PST;NOM(2,SG)	verdankst
verdanken	V;SBJV;PRS;NOM(2,SG)	verdankest
verdanken	V;SBJV;PRS;NOM(3,PL)	verdanken
verdanken	V;SBJV;PST;NOM(2,PL)	verdanktet
verdanken	V;SBJV;PST;NOM(2,SG)	verdanktest
verdanken	V;SBJV;PST;NOM(3,SG)	verdankte
vererben	V.PTCP;PRS	vererbend
vererben	V.PTCP;PST	vererbt
vererben	V;IND;PRS;NOM(1,PL)	vererben
vererben	V;IND;PRS;NOM(1,SG)	vererbe
vererben	V;IND;PST;NOM(1,SG)	vererbte
vererben	V;IND;PST;NOM(2,SG)	vererbtest
vererben	V;NFIN	vererben
vererben	V;SBJV;PRS;NOM(3,PL)	vererben
vererben	V;SBJV;PST;NOM(1,PL)	vererbten
vererben	V;SBJV;PST;NOM(2,PL)	vererbtet
vererben	V;SBJV;PST;NOM(2,SG)	vererbtest
vererben	V;SBJV;PST;NOM(3,SG)	vererbte
verlangen	V.PTCP;PST	verlangt
verlangen	V;IND;PRS;NOM(1,PL)	verlangen
verlangen	V;IND;PRS;NOM(1,SG)	verlange
verlangen	V;IND;PRS;NOM(2,PL)	verlangt
verlangen	V;IND;PRS;NOM(3,PL)	verlangen
verlangen	V;IND;PRS;NOM(3,SG)	verlangt
verlangen	V;IND;PST;NOM(1,PL)	verlangten
verlangen	V;IND;PST;NOM(2,PL)	verlangtet
verlangen	V;SBJV;PRS;NOM(1,PL)	verlangen
verlangen	V;SBJV;PRS;NOM(1,SG)	verlange
verlangen	V;SBJV;PRS;NOM(2,PL)	verlanget
verlangen	V;SBJV;PRS;NOM(3,PL)	verlangen
verlängern	V.PTCP;PRS	verlängernd
verlängern	V;IMP;NOM(2,SG)	verlängre
verlängern	V;IND;PRS;NOM(2,PL)	verlängert
verlängern	V;IND;PRS;NOM(2,SG)	verlängerst
verlängern	V;IND;PRS;NOM(3,PL)	verlängern
verlängern	V;IND;PST;NOM(1,SG)	verlängerte
verlängern	V;IND;PST;NOM(2,SG)	verlängertest
verlängern	V;SBJV;PRS;NOM(1,SG)	verlängere
verlängern	V;SBJV;PRS;NOM(2,SG)	verlängerest
verlängern	V;SBJV;PST;NOM(1,PL)	verlängerten
verlängern	V;SBJV;PST;NOM(2,SG)	verlängertest
verlängern	V;SBJV;PST;NOM(3,PL)	verlängerten
verstrahlen	V.PTCP;PRS	verstrahlend
verstrahlen	V;IMP;NOM(2,PL)	verstrahlt
verstrahlen	V;IND;PRS;NOM(1,PL)	verstrahlen auf
verstrahlen	V;IND;PRS;NOM(2,PL)	verstrahlt
verstrahlen	V;IND;PRS;NOM(3,PL)	verstrahlen
verstrahlen	V;IND;PST;NOM(2,PL)	verstrahltet
verstrahlen	V;IND;PST;NOM(3,PL)	verstrahlten
verstrahlen	V;IND;PST;NOM(3,SG)	verstrahlte auf
verstrahlen	V;NFIN	verstrahlen
verstrahlen	V;SBJV;PRS;NOM(1,SG)	verstrahle
verstrahlen	V;SBJV;PRS;NOM(3,SG)	verstrahle auf
verstrahlen	V;SBJV;PST;NOM(1,SG)	verstrahlte auf
verzieren	V;IMP;NOM(2,PL)	verziert
verzieren	V;IND;PRS;NOM(3,PL)	verzieren
verzieren	V;IND;PRS;NOM(3,SG)	verziert
verzieren	V;IND;PST;NOM(1,PL)	verzierten
verzieren	V;IND;PST;NOM(1,SG)	verzierte
verzieren	V;IND;PST;NOM(3,SG)	verzierte
verzieren	V;NFIN	verzieren
verzieren	V;SBJV;PRS;NOM(1,PL)	verzieren
verzieren	V;SBJV;PRS;NOM(3,PL)	verzieren
verzieren	V;SBJV;PST;NOM(1,PL)	verzierten
verzieren	V;SBJV;PST;NOM(1,SG)	verzierte
verzieren	V;SBJV;PST;NOM(3,SG)	verzierte
zappen	V.PTCP;PRS	zappend
zappen	V;IMP;NOM(2,PL)	zappt
zappen	V;IND;PRS;NOM(1,PL)	zappen
zappen	V;IND;PRS;NOM(2,PL)	zappt
zappen	V;IND;PST;NOM(2,SG)	zapptest
zappen	V;NFIN	zappen
zappen	V;SBJV;PRS;NOM(1,SG)	zappe
zappen	V;SBJV;PRS;NOM(2,SG)	zappest
zappen	V;SBJV;PRS;NOM(3,SG)	zappe
zappen	V;SBJV;PST;NOM(1,PL)	zappten
zappen	V;SBJV;PST;NOM(2,SG)	zapptest
zappen	V;SBJV;PST;NOM(3,PL)	zappten
zeichnen	V;IND;PRS;NOM(1,SG)	zeichne
zeichnen	V;IND;PRS;NOM(2,PL)	zeichnt
zeichnen	V;IND;PRS;NOM(3,PL)	zeichnen
zeichnen	V;IND;PST;NOM(1,PL)	zeichnten
zeichnen	V;IND;PST;NOM(2,PL)	zeichntet
zeichnen	V;IND;PST;NOM(2,SG)	zeichntest
zeichnen	V;IND;PST;NOM(3,SG)	zeichnte
zeichnen	V;SBJV;PRS;NOM(1,PL)	zeichnen
zeichnen	V;SBJV;PRS;NOM(3,SG)	zeichne
zeichnen	V;SBJV;PST;NOM(1,PL)	zeichnten
zeichnen	V;SBJV;PST;NOM(1,SG)	zeichnte
zeichnen	V;SBJV;PST;NOM(2,SG)	zeichntest
zerstören	V;IND;PRS;NOM(1,PL)	zerstören
zerstören	V;IND;PST;NOM(2,PL)	zerstörtet
zerstören	V;IND;PST;NOM(3,SG)	zerstor
zerstören	V;SBJV;PRS;NOM(1,PL)	zerstören
zerstören	V;SBJV;PRS;NOM(1,SG)	zerstöre
zerstören	V;SBJV;PRS;NOM(2,SG)	zerstörest
zerstören	V;SBJV;PRS;NOM(3,SG)	zerstöre
zerstören	V;SBJV;PST;NOM(1,PL)	zerstören
zerstören	V;SBJV;PST;NOM(1,SG)	zerstöre
zerstören	V;SBJV;PST;NOM(2,PL)	zerstöret
zerstören	V;SBJV;PST;NOM(2,SG)	zerstörest
zerstören	V;SBJV;PST;NOM(3,SG)	zerstöre
Ölfass	N;ACC(PL)	Ölfasse
Ölfass	N;ACC(SG)	Ölfass
Ölfass	N;DAT(PL)	Ölfassen
Ölfass	N;DAT(SG)	Ölfass
Ölfass	N;GEN(PL)	Ölfasse
Ölfass	N;GEN(SG)	Ölfasses
Ölfass	N;NOM(PL)	Ölfasse
Ölfass	N;NOM(SG)	Ölfass
